# JRE version: Java(TM) SE Runtime Environment (8.0_66-b17) (build 1.8.0_66-b17)
# Java VM: Java HotSpot(TM) Client VM (25.66-b17 mixed mode windows-x86 )
Heap:
 def new generation   total 39424K, used 21678K [0x04800000, 0x072c0000, 0x0f2a0000)
  eden space 35072K,  59% used [0x04800000, 0x05c53a30, 0x06a40000)
  from space 4352K,  19% used [0x06e80000, 0x06f57e38, 0x072c0000)
  to   space 4352K,   0% used [0x06a40000, 0x06a40000, 0x06e80000)
 tenured generation   total 87424K, used 38002K [0x0f2a0000, 0x14800000, 0x24800000)
   the space 87424K,  43% used [0x0f2a0000, 0x117bc9c8, 0x117bca00, 0x14800000)
 Metaspace       used 17199K, capacity 17725K, committed 17792K, reserved 17792K
GC Heap History (10 events):
Event: 56271.592 GC heap before
{Heap before GC invocations=17 (full 1):
 def new generation   total 39424K, used 35697K [0x04800000, 0x072c0000, 0x0f2a0000)
  eden space 35072K, 100% used [0x04800000, 0x06a40000, 0x06a40000)
  from space 4352K,  14% used [0x06a40000, 0x06adc4c8, 0x06e80000)
  to   space 4352K,   0% used [0x06e80000, 0x06e80000, 0x072c0000)
 tenured generation   total 87424K, used 38002K [0x0f2a0000, 0x14800000, 0x24800000)
   the space 87424K,  43% used [0x0f2a0000, 0x117bc9c8, 0x117bca00, 0x14800000)
 Metaspace       used 17198K, capacity 17725K, committed 17792K, reserved 17792K
Event: 56271.601 GC heap after
Heap after GC invocations=18 (full 1):
 def new generation   total 39424K, used 894K [0x04800000, 0x072c0000, 0x0f2a0000)
  eden space 35072K,   0% used [0x04800000, 0x04800000, 0x06a40000)
  from space 4352K,  20% used [0x06e80000, 0x06f5fa00, 0x072c0000)
  to   space 4352K,   0% used [0x06a40000, 0x06a40000, 0x06e80000)
 tenured generation   total 87424K, used 38002K [0x0f2a0000, 0x14800000, 0x24800000)
   the space 87424K,  43% used [0x0f2a0000, 0x117bc9c8, 0x117bca00, 0x14800000)
 Metaspace       used 17198K, capacity 17725K, committed 17792K, reserved 17792K
}
Event: 58593.845 GC heap before
{Heap before GC invocations=18 (full 1):
 def new generation   total 39424K, used 35966K [0x04800000, 0x072c0000, 0x0f2a0000)
  eden space 35072K, 100% used [0x04800000, 0x06a40000, 0x06a40000)
  from space 4352K,  20% used [0x06e80000, 0x06f5fa00, 0x072c0000)
  to   space 4352K,   0% used [0x06a40000, 0x06a40000, 0x06e80000)
 tenured generation   total 87424K, used 38002K [0x0f2a0000, 0x14800000, 0x24800000)
   the space 87424K,  43% used [0x0f2a0000, 0x117bc9c8, 0x117bca00, 0x14800000)
 Metaspace       used 17198K, capacity 17725K, committed 17792K, reserved 17792K
Event: 58593.850 GC heap after
Heap after GC invocations=19 (full 1):
 def new generation   total 39424K, used 868K [0x04800000, 0x072c0000, 0x0f2a0000)
  eden space 35072K,   0% used [0x04800000, 0x04800000, 0x06a40000)
  from space 4352K,  19% used [0x06a40000, 0x06b19118, 0x06e80000)
  to   space 4352K,   0% used [0x06e80000, 0x06e80000, 0x072c0000)
 tenured generation   total 87424K, used 38002K [0x0f2a0000, 0x14800000, 0x24800000)
   the space 87424K,  43% used [0x0f2a0000, 0x117bc9c8, 0x117bca00, 0x14800000)
 Metaspace       used 17198K, capacity 17725K, committed 17792K, reserved 17792K
}
Event: 61291.158 GC heap before
{Heap before GC invocations=19 (full 1):
 def new generation   total 39424K, used 35940K [0x04800000, 0x072c0000, 0x0f2a0000)
  eden space 35072K, 100% used [0x04800000, 0x06a40000, 0x06a40000)
  from space 4352K,  19% used [0x06a40000, 0x06b19118, 0x06e80000)
  to   space 4352K,   0% used [0x06e80000, 0x06e80000, 0x072c0000)
 tenured generation   total 87424K, used 38002K [0x0f2a0000, 0x14800000, 0x24800000)
   the space 87424K,  43% used [0x0f2a0000, 0x117bc9c8, 0x117bca00, 0x14800000)
 Metaspace       used 17199K, capacity 17725K, committed 17792K, reserved 17792K
Event: 61291.166 GC heap after
Heap after GC invocations=20 (full 1):
 def new generation   total 39424K, used 866K [0x04800000, 0x072c0000, 0x0f2a0000)
  eden space 35072K,   0% used [0x04800000, 0x04800000, 0x06a40000)
  from space 4352K,  19% used [0x06e80000, 0x06f58ad8, 0x072c0000)
  to   space 4352K,   0% used [0x06a40000, 0x06a40000, 0x06e80000)
 tenured generation   total 87424K, used 38002K [0x0f2a0000, 0x14800000, 0x24800000)
   the space 87424K,  43% used [0x0f2a0000, 0x117bc9c8, 0x117bca00, 0x14800000)
 Metaspace       used 17199K, capacity 17725K, committed 17792K, reserved 17792K
}
Event: 63096.311 GC heap before
{Heap before GC invocations=20 (full 1):
 def new generation   total 39424K, used 35938K [0x04800000, 0x072c0000, 0x0f2a0000)
  eden space 35072K, 100% used [0x04800000, 0x06a40000, 0x06a40000)
  from space 4352K,  19% used [0x06e80000, 0x06f58ad8, 0x072c0000)
  to   space 4352K,   0% used [0x06a40000, 0x06a40000, 0x06e80000)
 tenured generation   total 87424K, used 38002K [0x0f2a0000, 0x14800000, 0x24800000)
   the space 87424K,  43% used [0x0f2a0000, 0x117bc9c8, 0x117bca00, 0x14800000)
 Metaspace       used 17199K, capacity 17725K, committed 17792K, reserved 17792K
Event: 63096.319 GC heap after
Heap after GC invocations=21 (full 1):
 def new generation   total 39424K, used 863K [0x04800000, 0x072c0000, 0x0f2a0000)
  eden space 35072K,   0% used [0x04800000, 0x04800000, 0x06a40000)
  from space 4352K,  19% used [0x06a40000, 0x06b17f00, 0x06e80000)
  to   space 4352K,   0% used [0x06e80000, 0x06e80000, 0x072c0000)
 tenured generation   total 87424K, used 38002K [0x0f2a0000, 0x14800000, 0x24800000)
   the space 87424K,  43% used [0x0f2a0000, 0x117bc9c8, 0x117bca00, 0x14800000)
 Metaspace       used 17199K, capacity 17725K, committed 17792K, reserved 17792K
}
Event: 65168.254 GC heap before
{Heap before GC invocations=21 (full 1):
 def new generation   total 39424K, used 35935K [0x04800000, 0x072c0000, 0x0f2a0000)
  eden space 35072K, 100% used [0x04800000, 0x06a40000, 0x06a40000)
  from space 4352K,  19% used [0x06a40000, 0x06b17f00, 0x06e80000)
  to   space 4352K,   0% used [0x06e80000, 0x06e80000, 0x072c0000)
 tenured generation   total 87424K, used 38002K [0x0f2a0000, 0x14800000, 0x24800000)
   the space 87424K,  43% used [0x0f2a0000, 0x117bc9c8, 0x117bca00, 0x14800000)
 Metaspace       used 17199K, capacity 17725K, committed 17792K, reserved 17792K
Event: 65168.262 GC heap after
Heap after GC invocations=22 (full 1):
 def new generation   total 39424K, used 863K [0x04800000, 0x072c0000, 0x0f2a0000)
  eden space 35072K,   0% used [0x04800000, 0x04800000, 0x06a40000)
  from space 4352K,  19% used [0x06e80000, 0x06f57e38, 0x072c0000)
  to   space 4352K,   0% used [0x06a40000, 0x06a40000, 0x06e80000)
 tenured generation   total 87424K, used 38002K [0x0f2a0000, 0x14800000, 0x24800000)
   the space 87424K,  43% used [0x0f2a0000, 0x117bc9c8, 0x117bca00, 0x14800000)
 Metaspace       used 17199K, capacity 17725K, committed 17792K, reserved 17792K
}

